# JRE version: OpenJDK Runtime Environment Temurin-21.0.3+9 (21.0.3+9) (build 21.0.3+9-LTS)
# Java VM: OpenJDK 64-Bit Server VM Temurin-21.0.3+9 (21.0.3+9-LTS, mixed mode, sharing, tiered, compressed oops, compressed class ptrs, g1 gc, windows-amd64)
GC Precious Log:
 CardTable entry size: 512
 Card Set container configuration: InlinePtr #cards 5 size 8 Array Of Cards #cards 12 size 40 Howl #buckets 4 coarsen threshold 1843 Howl Bitmap #cards 512 size 80 coarsen threshold 460 Card regions per heap region 1 cards per card region 2048
 CPUs: 12 total, 12 available
 Memory: 7521M
 Large Page Support: Disabled
 NUMA Support: Disabled
 Compressed Oops: Enabled (32-bit)
 Heap Region Size: 1M
 Heap Min Capacity: 64M
 Heap Initial Capacity: 64M
 Heap Max Capacity: 64M
 Pre-touch: Disabled
 Parallel Workers: 10
 Concurrent Workers: 3
 Concurrent Refinement Workers: 10
 Periodic GC: Disabled
Heap:
 garbage-first heap   total 65536K, used 23646K [0x00000000fc000000, 0x0000000100000000)
  region size 1024K, 13 young (13312K), 1 survivors (1024K)
 Metaspace       used 10288K, committed 10624K, reserved 1114112K
  class space    used 1331K, committed 1472K, reserved 1048576K
GC Heap History (8 events):
Event: 0.333 GC heap before
{Heap before GC invocations=0 (full 0):
 garbage-first heap   total 65536K, used 22528K [0x00000000fc000000, 0x0000000100000000)
  region size 1024K, 23 young (23552K), 0 survivors (0K)
 Metaspace       used 1591K, committed 1792K, reserved 1114112K
  class space    used 148K, committed 256K, reserved 1048576K
}
Event: 0.336 GC heap after
{Heap after GC invocations=1 (full 0):
 garbage-first heap   total 65536K, used 1824K [0x00000000fc000000, 0x0000000100000000)
  region size 1024K, 2 young (2048K), 2 survivors (2048K)
 Metaspace       used 1591K, committed 1792K, reserved 1114112K
  class space    used 148K, committed 256K, reserved 1048576K
}
Event: 1.026 GC heap before
{Heap before GC invocations=1 (full 0):
 garbage-first heap   total 65536K, used 37664K [0x00000000fc000000, 0x0000000100000000)
  region size 1024K, 35 young (35840K), 2 survivors (2048K)
 Metaspace       used 8307K, committed 8640K, reserved 1114112K
  class space    used 1124K, committed 1280K, reserved 1048576K
}
Event: 1.037 GC heap after
{Heap after GC invocations=2 (full 0):
 garbage-first heap   total 65536K, used 11441K [0x00000000fc000000, 0x0000000100000000)
  region size 1024K, 5 young (5120K), 5 survivors (5120K)
 Metaspace       used 8307K, committed 8640K, reserved 1114112K
  class space    used 1124K, committed 1280K, reserved 1048576K
}
Event: 190.322 GC heap before
{Heap before GC invocations=2 (full 0):
 garbage-first heap   total 65536K, used 41137K [0x00000000fc000000, 0x0000000100000000)
  region size 1024K, 35 young (35840K), 5 survivors (5120K)
 Metaspace       used 10252K, committed 10560K, reserved 1114112K
  class space    used 1331K, committed 1472K, reserved 1048576K
}
Event: 190.347 GC heap after
{Heap after GC invocations=3 (full 0):
 garbage-first heap   total 65536K, used 13073K [0x00000000fc000000, 0x0000000100000000)
  region size 1024K, 2 young (2048K), 2 survivors (2048K)
 Metaspace       used 10252K, committed 10560K, reserved 1114112K
  class space    used 1331K, committed 1472K, reserved 1048576K
}
Event: 379.800 GC heap before
{Heap before GC invocations=3 (full 0):
 garbage-first heap   total 65536K, used 44817K [0x00000000fc000000, 0x0000000100000000)
  region size 1024K, 33 young (33792K), 2 survivors (2048K)
 Metaspace       used 10270K, committed 10560K, reserved 1114112K
  class space    used 1331K, committed 1472K, reserved 1048576K
}
Event: 379.828 GC heap after
{Heap after GC invocations=4 (full 0):
 garbage-first heap   total 65536K, used 12382K [0x00000000fc000000, 0x0000000100000000)
  region size 1024K, 1 young (1024K), 1 survivors (1024K)
 Metaspace       used 10270K, committed 10560K, reserved 1114112K
  class space    used 1331K, committed 1472K, reserved 1048576K
}

